# JRE version: OpenJDK Runtime Environment Temurin-21.0.9+10 (21.0.9+10) (build 21.0.9+10-LTS)
# Java VM: OpenJDK 64-Bit Server VM Temurin-21.0.9+10 (21.0.9+10-LTS, mixed mode, sharing, tiered, compressed oops, compressed class ptrs, parallel gc, windows-amd64)
GC Precious Log:
 CardTable entry size: 512
 CPUs: 12 total, 12 available
 Memory: 15613M
 Large Page Support: Disabled
 NUMA Support: Disabled
 Compressed Oops: Enabled (32-bit)
 Alignments: Space 512K, Generation 512K, Heap 2M
 Heap Min Capacity: 100M
 Heap Initial Capacity: 100M
 Heap Max Capacity: 2G
 Pre-touch: Disabled
 Parallel Workers: 10
Heap:
 PSYoungGen      total 4096K, used 3943K [0x00000000d5580000, 0x00000000d5a80000, 0x0000000100000000)
  eden space 3584K, 97% used [0x00000000d5580000,0x00000000d58e9c20,0x00000000d5900000)
  from space 512K, 87% used [0x00000000d5a00000,0x00000000d5a70000,0x00000000d5a80000)
  to   space 512K, 0% used [0x00000000d5900000,0x00000000d5900000,0x00000000d5980000)
 ParOldGen       total 336896K, used 336444K [0x0000000080000000, 0x0000000094900000, 0x00000000d5580000)
  object space 336896K, 99% used [0x0000000080000000,0x000000009488f278,0x0000000094900000)
 Metaspace       used 81552K, committed 83392K, reserved 1179648K
  class space    used 8599K, committed 9472K, reserved 1048576K
GC Heap History (20 events):
Event: 624.575 GC heap before
{Heap before GC invocations=730 (full 3):
 PSYoungGen      total 5120K, used 4980K [0x00000000d5580000, 0x00000000d5c00000, 0x0000000100000000)
  eden space 4096K, 100% used [0x00000000d5580000,0x00000000d5980000,0x00000000d5980000)
  from space 1024K, 86% used [0x00000000d5b00000,0x00000000d5bdd200,0x00000000d5c00000)
  to   space 1024K, 0% used [0x00000000d5980000,0x00000000d5980000,0x00000000d5a80000)
 ParOldGen       total 330240K, used 329778K [0x0000000080000000, 0x0000000094280000, 0x00000000d5580000)
  object space 330240K, 99% used [0x0000000080000000,0x000000009420cad0,0x0000000094280000)
 Metaspace       used 81295K, committed 83072K, reserved 1179648K
  class space    used 8596K, committed 9408K, reserved 1048576K
}
Event: 624.577 GC heap after
{Heap after GC invocations=730 (full 3):
 PSYoungGen      total 5120K, used 688K [0x00000000d5580000, 0x00000000d5b80000, 0x0000000100000000)
  eden space 4096K, 0% used [0x00000000d5580000,0x00000000d5580000,0x00000000d5980000)
  from space 1024K, 67% used [0x00000000d5980000,0x00000000d5a2c010,0x00000000d5a80000)
  to   space 1024K, 0% used [0x00000000d5a80000,0x00000000d5a80000,0x00000000d5b80000)
 ParOldGen       total 330752K, used 330510K [0x0000000080000000, 0x0000000094300000, 0x00000000d5580000)
  object space 330752K, 99% used [0x0000000080000000,0x00000000942c3bd8,0x0000000094300000)
 Metaspace       used 81295K, committed 83072K, reserved 1179648K
  class space    used 8596K, committed 9408K, reserved 1048576K
}
Event: 624.595 GC heap before
{Heap before GC invocations=731 (full 3):
 PSYoungGen      total 5120K, used 4784K [0x00000000d5580000, 0x00000000d5b80000, 0x0000000100000000)
  eden space 4096K, 100% used [0x00000000d5580000,0x00000000d5980000,0x00000000d5980000)
  from space 1024K, 67% used [0x00000000d5980000,0x00000000d5a2c010,0x00000000d5a80000)
  to   space 1024K, 0% used [0x00000000d5a80000,0x00000000d5a80000,0x00000000d5b80000)
 ParOldGen       total 330752K, used 330510K [0x0000000080000000, 0x0000000094300000, 0x00000000d5580000)
  object space 330752K, 99% used [0x0000000080000000,0x00000000942c3bd8,0x0000000094300000)
 Metaspace       used 81298K, committed 83072K, reserved 1179648K
  class space    used 8596K, committed 9408K, reserved 1048576K
}
Event: 624.597 GC heap after
{Heap after GC invocations=731 (full 3):
 PSYoungGen      total 5120K, used 496K [0x00000000d5580000, 0x00000000d5b80000, 0x0000000100000000)
  eden space 4096K, 0% used [0x00000000d5580000,0x00000000d5580000,0x00000000d5980000)
  from space 1024K, 48% used [0x00000000d5a80000,0x00000000d5afc010,0x00000000d5b80000)
  to   space 1024K, 0% used [0x00000000d5980000,0x00000000d5980000,0x00000000d5a80000)
 ParOldGen       total 331264K, used 331074K [0x0000000080000000, 0x0000000094380000, 0x00000000d5580000)
  object space 331264K, 99% used [0x0000000080000000,0x0000000094350bf8,0x0000000094380000)
 Metaspace       used 81298K, committed 83072K, reserved 1179648K
  class space    used 8596K, committed 9408K, reserved 1048576K
}
Event: 624.634 GC heap before
{Heap before GC invocations=732 (full 3):
 PSYoungGen      total 5120K, used 4592K [0x00000000d5580000, 0x00000000d5b80000, 0x0000000100000000)
  eden space 4096K, 100% used [0x00000000d5580000,0x00000000d5980000,0x00000000d5980000)
  from space 1024K, 48% used [0x00000000d5a80000,0x00000000d5afc010,0x00000000d5b80000)
  to   space 1024K, 0% used [0x00000000d5980000,0x00000000d5980000,0x00000000d5a80000)
 ParOldGen       total 331264K, used 331074K [0x0000000080000000, 0x0000000094380000, 0x00000000d5580000)
  object space 331264K, 99% used [0x0000000080000000,0x0000000094350bf8,0x0000000094380000)
 Metaspace       used 81339K, committed 83136K, reserved 1179648K
  class space    used 8596K, committed 9408K, reserved 1048576K
}
Event: 624.637 GC heap after
{Heap after GC invocations=732 (full 3):
 PSYoungGen      total 5120K, used 980K [0x00000000d5580000, 0x00000000d5c80000, 0x0000000100000000)
  eden space 4096K, 0% used [0x00000000d5580000,0x00000000d5580000,0x00000000d5980000)
  from space 1024K, 95% used [0x00000000d5980000,0x00000000d5a75200,0x00000000d5a80000)
  to   space 1536K, 0% used [0x00000000d5b00000,0x00000000d5b00000,0x00000000d5c80000)
 ParOldGen       total 331776K, used 331475K [0x0000000080000000, 0x0000000094400000, 0x00000000d5580000)
  object space 331776K, 99% used [0x0000000080000000,0x00000000943b4c58,0x0000000094400000)
 Metaspace       used 81339K, committed 83136K, reserved 1179648K
  class space    used 8596K, committed 9408K, reserved 1048576K
}
Event: 624.653 GC heap before
{Heap before GC invocations=733 (full 3):
 PSYoungGen      total 5120K, used 5076K [0x00000000d5580000, 0x00000000d5c80000, 0x0000000100000000)
  eden space 4096K, 100% used [0x00000000d5580000,0x00000000d5980000,0x00000000d5980000)
  from space 1024K, 95% used [0x00000000d5980000,0x00000000d5a75200,0x00000000d5a80000)
  to   space 1536K, 0% used [0x00000000d5b00000,0x00000000d5b00000,0x00000000d5c80000)
 ParOldGen       total 331776K, used 331475K [0x0000000080000000, 0x0000000094400000, 0x00000000d5580000)
  object space 331776K, 99% used [0x0000000080000000,0x00000000943b4c58,0x0000000094400000)
 Metaspace       used 81340K, committed 83136K, reserved 1179648K
  class space    used 8596K, committed 9408K, reserved 1048576K
}
Event: 624.655 GC heap after
{Heap after GC invocations=733 (full 3):
 PSYoungGen      total 5120K, used 672K [0x00000000d5580000, 0x00000000d5c00000, 0x0000000100000000)
  eden space 4096K, 0% used [0x00000000d5580000,0x00000000d5580000,0x00000000d5980000)
  from space 1024K, 65% used [0x00000000d5b00000,0x00000000d5ba8000,0x00000000d5c00000)
  to   space 1024K, 0% used [0x00000000d5980000,0x00000000d5980000,0x00000000d5a80000)
 ParOldGen       total 332288K, used 332263K [0x0000000080000000, 0x0000000094480000, 0x00000000d5580000)
  object space 332288K, 99% used [0x0000000080000000,0x0000000094479d80,0x0000000094480000)
 Metaspace       used 81340K, committed 83136K, reserved 1179648K
  class space    used 8596K, committed 9408K, reserved 1048576K
}
Event: 624.666 GC heap before
{Heap before GC invocations=734 (full 3):
 PSYoungGen      total 5120K, used 4768K [0x00000000d5580000, 0x00000000d5c00000, 0x0000000100000000)
  eden space 4096K, 100% used [0x00000000d5580000,0x00000000d5980000,0x00000000d5980000)
  from space 1024K, 65% used [0x00000000d5b00000,0x00000000d5ba8000,0x00000000d5c00000)
  to   space 1024K, 0% used [0x00000000d5980000,0x00000000d5980000,0x00000000d5a80000)
 ParOldGen       total 332288K, used 332263K [0x0000000080000000, 0x0000000094480000, 0x00000000d5580000)
  object space 332288K, 99% used [0x0000000080000000,0x0000000094479d80,0x0000000094480000)
 Metaspace       used 81344K, committed 83136K, reserved 1179648K
  class space    used 8596K, committed 9408K, reserved 1048576K
}
Event: 624.668 GC heap after
{Heap after GC invocations=734 (full 3):
 PSYoungGen      total 5120K, used 480K [0x00000000d5580000, 0x00000000d5b80000, 0x0000000100000000)
  eden space 4096K, 0% used [0x00000000d5580000,0x00000000d5580000,0x00000000d5980000)
  from space 1024K, 46% used [0x00000000d5980000,0x00000000d59f8020,0x00000000d5a80000)
  to   space 1024K, 0% used [0x00000000d5a80000,0x00000000d5a80000,0x00000000d5b80000)
 ParOldGen       total 332800K, used 332795K [0x0000000080000000, 0x0000000094500000, 0x00000000d5580000)
  object space 332800K, 99% used [0x0000000080000000,0x00000000944feda0,0x0000000094500000)
 Metaspace       used 81344K, committed 83136K, reserved 1179648K
  class space    used 8596K, committed 9408K, reserved 1048576K
}
Event: 624.800 GC heap before
{Heap before GC invocations=735 (full 3):
 PSYoungGen      total 5120K, used 4576K [0x00000000d5580000, 0x00000000d5b80000, 0x0000000100000000)
  eden space 4096K, 100% used [0x00000000d5580000,0x00000000d5980000,0x00000000d5980000)
  from space 1024K, 46% used [0x00000000d5980000,0x00000000d59f8020,0x00000000d5a80000)
  to   space 1024K, 0% used [0x00000000d5a80000,0x00000000d5a80000,0x00000000d5b80000)
 ParOldGen       total 332800K, used 332795K [0x0000000080000000, 0x0000000094500000, 0x00000000d5580000)
  object space 332800K, 99% used [0x0000000080000000,0x00000000944feda0,0x0000000094500000)
 Metaspace       used 81387K, committed 83200K, reserved 1179648K
  class space    used 8596K, committed 9408K, reserved 1048576K
}
Event: 624.802 GC heap after
{Heap after GC invocations=735 (full 3):
 PSYoungGen      total 5120K, used 928K [0x00000000d5580000, 0x00000000d5b80000, 0x0000000100000000)
  eden space 4096K, 0% used [0x00000000d5580000,0x00000000d5580000,0x00000000d5980000)
  from space 1024K, 90% used [0x00000000d5a80000,0x00000000d5b68000,0x00000000d5b80000)
  to   space 1024K, 0% used [0x00000000d5980000,0x00000000d5980000,0x00000000d5a80000)
 ParOldGen       total 333312K, used 333163K [0x0000000080000000, 0x0000000094580000, 0x00000000d5580000)
  object space 333312K, 99% used [0x0000000080000000,0x000000009455ae00,0x0000000094580000)
 Metaspace       used 81387K, committed 83200K, reserved 1179648K
  class space    used 8596K, committed 9408K, reserved 1048576K
}
Event: 722.265 GC heap before
{Heap before GC invocations=736 (full 3):
 PSYoungGen      total 5120K, used 5024K [0x00000000d5580000, 0x00000000d5b80000, 0x0000000100000000)
  eden space 4096K, 100% used [0x00000000d5580000,0x00000000d5980000,0x00000000d5980000)
  from space 1024K, 90% used [0x00000000d5a80000,0x00000000d5b68000,0x00000000d5b80000)
  to   space 1024K, 0% used [0x00000000d5980000,0x00000000d5980000,0x00000000d5a80000)
 ParOldGen       total 333312K, used 333163K [0x0000000080000000, 0x0000000094580000, 0x00000000d5580000)
  object space 333312K, 99% used [0x0000000080000000,0x000000009455ae00,0x0000000094580000)
 Metaspace       used 81408K, committed 83200K, reserved 1179648K
  class space    used 8597K, committed 9408K, reserved 1048576K
}
Event: 722.267 GC heap after
{Heap after GC invocations=736 (full 3):
 PSYoungGen      total 5120K, used 596K [0x00000000d5580000, 0x00000000d5b80000, 0x0000000100000000)
  eden space 4096K, 0% used [0x00000000d5580000,0x00000000d5580000,0x00000000d5980000)
  from space 1024K, 58% used [0x00000000d5980000,0x00000000d5a15200,0x00000000d5a80000)
  to   space 1024K, 0% used [0x00000000d5a80000,0x00000000d5a80000,0x00000000d5b80000)
 ParOldGen       total 334336K, used 333943K [0x0000000080000000, 0x0000000094680000, 0x00000000d5580000)
  object space 334336K, 99% used [0x0000000080000000,0x000000009461dd20,0x0000000094680000)
 Metaspace       used 81408K, committed 83200K, reserved 1179648K
  class space    used 8597K, committed 9408K, reserved 1048576K
}
Event: 722.291 GC heap before
{Heap before GC invocations=737 (full 3):
 PSYoungGen      total 5120K, used 4692K [0x00000000d5580000, 0x00000000d5b80000, 0x0000000100000000)
  eden space 4096K, 100% used [0x00000000d5580000,0x00000000d5980000,0x00000000d5980000)
  from space 1024K, 58% used [0x00000000d5980000,0x00000000d5a15200,0x00000000d5a80000)
  to   space 1024K, 0% used [0x00000000d5a80000,0x00000000d5a80000,0x00000000d5b80000)
 ParOldGen       total 334336K, used 333943K [0x0000000080000000, 0x0000000094680000, 0x00000000d5580000)
  object space 334336K, 99% used [0x0000000080000000,0x000000009461dd20,0x0000000094680000)
 Metaspace       used 81408K, committed 83200K, reserved 1179648K
  class space    used 8597K, committed 9408K, reserved 1048576K
}
Event: 722.294 GC heap after
{Heap after GC invocations=737 (full 3):
 PSYoungGen      total 5120K, used 496K [0x00000000d5580000, 0x00000000d5b80000, 0x0000000100000000)
  eden space 4096K, 0% used [0x00000000d5580000,0x00000000d5580000,0x00000000d5980000)
  from space 1024K, 48% used [0x00000000d5a80000,0x00000000d5afc010,0x00000000d5b80000)
  to   space 1024K, 0% used [0x00000000d5980000,0x00000000d5980000,0x00000000d5a80000)
 ParOldGen       total 334848K, used 334383K [0x0000000080000000, 0x0000000094700000, 0x00000000d5580000)
  object space 334848K, 99% used [0x0000000080000000,0x000000009468be40,0x0000000094700000)
 Metaspace       used 81408K, committed 83200K, reserved 1179648K
  class space    used 8597K, committed 9408K, reserved 1048576K
}
Event: 722.313 GC heap before
{Heap before GC invocations=738 (full 3):
 PSYoungGen      total 5120K, used 4592K [0x00000000d5580000, 0x00000000d5b80000, 0x0000000100000000)
  eden space 4096K, 100% used [0x00000000d5580000,0x00000000d5980000,0x00000000d5980000)
  from space 1024K, 48% used [0x00000000d5a80000,0x00000000d5afc010,0x00000000d5b80000)
  to   space 1024K, 0% used [0x00000000d5980000,0x00000000d5980000,0x00000000d5a80000)
 ParOldGen       total 334848K, used 334383K [0x0000000080000000, 0x0000000094700000, 0x00000000d5580000)
  object space 334848K, 99% used [0x0000000080000000,0x000000009468be40,0x0000000094700000)
 Metaspace       used 81414K, committed 83200K, reserved 1179648K
  class space    used 8597K, committed 9408K, reserved 1048576K
}
Event: 722.315 GC heap after
{Heap after GC invocations=738 (full 3):
 PSYoungGen      total 5120K, used 640K [0x00000000d5580000, 0x00000000d5b80000, 0x0000000100000000)
  eden space 4096K, 0% used [0x00000000d5580000,0x00000000d5580000,0x00000000d5980000)
  from space 1024K, 62% used [0x00000000d5980000,0x00000000d5a20000,0x00000000d5a80000)
  to   space 1024K, 0% used [0x00000000d5a80000,0x00000000d5a80000,0x00000000d5b80000)
 ParOldGen       total 334848K, used 334771K [0x0000000080000000, 0x0000000094700000, 0x00000000d5580000)
  object space 334848K, 99% used [0x0000000080000000,0x00000000946ece70,0x0000000094700000)
 Metaspace       used 81414K, committed 83200K, reserved 1179648K
  class space    used 8597K, committed 9408K, reserved 1048576K
}
Event: 722.373 GC heap before
{Heap before GC invocations=739 (full 3):
 PSYoungGen      total 5120K, used 4736K [0x00000000d5580000, 0x00000000d5b80000, 0x0000000100000000)
  eden space 4096K, 100% used [0x00000000d5580000,0x00000000d5980000,0x00000000d5980000)
  from space 1024K, 62% used [0x00000000d5980000,0x00000000d5a20000,0x00000000d5a80000)
  to   space 1024K, 0% used [0x00000000d5a80000,0x00000000d5a80000,0x00000000d5b80000)
 ParOldGen       total 334848K, used 334771K [0x0000000080000000, 0x0000000094700000, 0x00000000d5580000)
  object space 334848K, 99% used [0x0000000080000000,0x00000000946ece70,0x0000000094700000)
 Metaspace       used 81506K, committed 83328K, reserved 1179648K
  class space    used 8599K, committed 9472K, reserved 1048576K
}
Event: 722.375 GC heap after
{Heap after GC invocations=739 (full 3):
 PSYoungGen      total 4608K, used 1012K [0x00000000d5580000, 0x00000000d5c80000, 0x0000000100000000)
  eden space 3584K, 0% used [0x00000000d5580000,0x00000000d5580000,0x00000000d5900000)
  from space 1024K, 98% used [0x00000000d5a80000,0x00000000d5b7d200,0x00000000d5b80000)
  to   space 1536K, 0% used [0x00000000d5900000,0x00000000d5900000,0x00000000d5a80000)
 ParOldGen       total 335360K, used 335211K [0x0000000080000000, 0x0000000094780000, 0x00000000d5580000)
  object space 335360K, 99% used [0x0000000080000000,0x000000009475aeb0,0x0000000094780000)
 Metaspace       used 81506K, committed 83328K, reserved 1179648K
  class space    used 8599K, committed 9472K, reserved 1048576K
}

